[0820/141340.560:ERROR:crash_report_database_win.cc(558)] GetFileAttributes C:\Users\JEREMI~1.DIA\AppData\Local\Temp\scoped_dir25436_1609576042\Crashpad: The system cannot find the file specified. (0x2)
[0820/141446.728:ERROR:crash_report_database_win.cc(558)] GetFileAttributes C:\Users\JEREMI~1.DIA\AppData\Local\Temp\scoped_dir968_1604993811\Crashpad: The system cannot find the file specified. (0x2)
[0820/141831.061:ERROR:crash_report_database_win.cc(558)] GetFileAttributes C:\Users\JEREMI~1.DIA\AppData\Local\Temp\scoped_dir20820_1875574965\Crashpad: The system cannot find the file specified. (0x2)
[0820/143122.831:ERROR:crash_report_database_win.cc(558)] GetFileAttributes C:\Users\JEREMI~1.DIA\AppData\Local\Temp\scoped_dir24412_1997664137\Crashpad: The system cannot find the file specified. (0x2)
[0820/150603.039:ERROR:crash_report_database_win.cc(558)] GetFileAttributes C:\Users\JEREMI~1.DIA\AppData\Local\Temp\scoped_dir21224_591960286\Crashpad: The system cannot find the file specified. (0x2)
[0824/134418.459:ERROR:crash_report_database_win.cc(558)] GetFileAttributes C:\Users\JEREMI~1.DIA\AppData\Local\Temp\scoped_dir1448_271142105\Crashpad: The system cannot find the file specified. (0x2)
[0824/135600.333:ERROR:crash_report_database_win.cc(558)] GetFileAttributes C:\Users\JEREMI~1.DIA\AppData\Local\Temp\scoped_dir19400_599518263\Crashpad: The system cannot find the file specified. (0x2)
[0824/140711.399:ERROR:crash_report_database_win.cc(558)] GetFileAttributes C:\Users\JEREMI~1.DIA\AppData\Local\Temp\scoped_dir21360_794814396\Crashpad: The system cannot find the file specified. (0x2)
[0824/141236.016:ERROR:crash_report_database_win.cc(558)] GetFileAttributes C:\Users\JEREMI~1.DIA\AppData\Local\Temp\scoped_dir16812_1432036906\Crashpad: The system cannot find the file specified. (0x2)
[0824/141236.592:ERROR:crash_report_database_win.cc(558)] GetFileAttributes C:\Users\JEREMI~1.DIA\AppData\Local\Temp\scoped_dir5916_1775802740\Crashpad: The system cannot find the file specified. (0x2)
[0824/142749.177:ERROR:crash_report_database_win.cc(558)] GetFileAttributes C:\Users\JEREMI~1.DIA\AppData\Local\Temp\scoped_dir7876_290269668\Crashpad: The system cannot find the file specified. (0x2)
[0824/145817.952:ERROR:crash_report_database_win.cc(558)] GetFileAttributes C:\Users\JEREMI~1.DIA\AppData\Local\Temp\scoped_dir13180_1779132376\Crashpad: The system cannot find the file specified. (0x2)
[0824/150151.763:ERROR:crash_report_database_win.cc(558)] GetFileAttributes C:\Users\JEREMI~1.DIA\AppData\Local\Temp\scoped_dir16604_1609995487\Crashpad: The system cannot find the file specified. (0x2)
[0904/181422.058:ERROR:crash_report_database_win.cc(558)] GetFileAttributes C:\Users\JEREMI~1.DIA\AppData\Local\Temp\scoped_dir9156_1485965746\Crashpad: The system cannot find the file specified. (0x2)
[0904/181540.810:ERROR:crash_report_database_win.cc(558)] GetFileAttributes C:\Users\JEREMI~1.DIA\AppData\Local\Temp\scoped_dir12428_217160458\Crashpad: The system cannot find the file specified. (0x2)
[0904/193749.752:ERROR:crash_report_database_win.cc(558)] GetFileAttributes C:\Users\JEREMI~1.DIA\AppData\Local\Temp\scoped_dir32500_1947654930\Crashpad: The system cannot find the file specified. (0x2)
[0904/222806.352:ERROR:crash_report_database_win.cc(558)] GetFileAttributes C:\Users\JEREMI~1.DIA\AppData\Local\Temp\scoped_dir22848_784636629\Crashpad: The system cannot find the file specified. (0x2)
[0904/224533.029:ERROR:crash_report_database_win.cc(558)] GetFileAttributes C:\Users\JEREMI~1.DIA\AppData\Local\Temp\scoped_dir13024_776171832\Crashpad: The system cannot find the file specified. (0x2)
[0908/165513.687:ERROR:crash_report_database_win.cc(558)] GetFileAttributes C:\Users\JEREMI~1.DIA\AppData\Local\Temp\scoped_dir10616_459823583\Crashpad: The system cannot find the file specified. (0x2)
[0908/172303.483:ERROR:crash_report_database_win.cc(558)] GetFileAttributes C:\Users\JEREMI~1.DIA\AppData\Local\Temp\scoped_dir7356_1972233732\Crashpad: The system cannot find the file specified. (0x2)
[0908/172935.455:ERROR:crash_report_database_win.cc(558)] GetFileAttributes C:\Users\JEREMI~1.DIA\AppData\Local\Temp\scoped_dir18772_925107509\Crashpad: The system cannot find the file specified. (0x2)
[0908/173242.839:ERROR:crash_report_database_win.cc(558)] GetFileAttributes C:\Users\JEREMI~1.DIA\AppData\Local\Temp\scoped_dir10000_1395008876\Crashpad: The system cannot find the file specified. (0x2)
[0908/173710.184:ERROR:crash_report_database_win.cc(558)] GetFileAttributes C:\Users\JEREMI~1.DIA\AppData\Local\Temp\scoped_dir19476_1432503744\Crashpad: The system cannot find the file specified. (0x2)
[0923/183027.184:ERROR:crash_report_database_win.cc(558)] GetFileAttributes C:\Users\JEREMI~1.DIA\AppData\Local\Temp\scoped_dir19592_567798638\Crashpad: The system cannot find the file specified. (0x2)
[0925/132521.540:ERROR:crash_report_database_win.cc(558)] GetFileAttributes C:\Users\JEREMI~1.DIA\AppData\Local\Temp\scoped_dir22408_24748440\Crashpad: The system cannot find the file specified. (0x2)
[0925/133912.424:ERROR:crash_report_database_win.cc(558)] GetFileAttributes C:\Users\JEREMI~1.DIA\AppData\Local\Temp\scoped_dir11780_1643217488\Crashpad: The system cannot find the file specified. (0x2)
[0925/135259.567:ERROR:crash_report_database_win.cc(558)] GetFileAttributes C:\Users\JEREMI~1.DIA\AppData\Local\Temp\scoped_dir18644_153598003\Crashpad: The system cannot find the file specified. (0x2)
[0925/135905.324:ERROR:crash_report_database_win.cc(558)] GetFileAttributes C:\Users\JEREMI~1.DIA\AppData\Local\Temp\scoped_dir10876_1335064009\Crashpad: The system cannot find the file specified. (0x2)
[0925/232906.772:ERROR:crash_report_database_win.cc(558)] GetFileAttributes C:\Users\JEREMI~1.DIA\AppData\Local\Temp\scoped_dir19608_104871186\Crashpad: The system cannot find the file specified. (0x2)
[0926/195455.881:ERROR:crash_report_database_win.cc(558)] GetFileAttributes C:\Users\JEREMI~1.DIA\AppData\Local\Temp\scoped_dir17184_1614905836\Crashpad: The system cannot find the file specified. (0x2)
[0926/204106.506:ERROR:crash_report_database_win.cc(558)] GetFileAttributes C:\Users\JEREMI~1.DIA\AppData\Local\Temp\scoped_dir27948_1722889399\Crashpad: The system cannot find the file specified. (0x2)
[0927/142355.855:ERROR:crash_report_database_win.cc(558)] GetFileAttributes C:\Users\JEREMI~1.DIA\AppData\Local\Temp\scoped_dir8392_634557392\Crashpad: The system cannot find the file specified. (0x2)
[0927/152757.761:ERROR:crash_report_database_win.cc(558)] GetFileAttributes C:\Users\JEREMI~1.DIA\AppData\Local\Temp\scoped_dir11048_158421989\Crashpad: The system cannot find the file specified. (0x2)
[0927/153033.368:ERROR:crash_report_database_win.cc(558)] GetFileAttributes C:\Users\JEREMI~1.DIA\AppData\Local\Temp\scoped_dir2144_917514017\Crashpad: The system cannot find the file specified. (0x2)
[0927/153441.735:ERROR:crash_report_database_win.cc(558)] GetFileAttributes C:\Users\JEREMI~1.DIA\AppData\Local\Temp\scoped_dir28644_1447380164\Crashpad: The system cannot find the file specified. (0x2)
[0927/154503.470:ERROR:crash_report_database_win.cc(558)] GetFileAttributes C:\Users\JEREMI~1.DIA\AppData\Local\Temp\scoped_dir9076_1885374925\Crashpad: The system cannot find the file specified. (0x2)
[0927/162844.089:ERROR:crash_report_database_win.cc(558)] GetFileAttributes C:\Users\JEREMI~1.DIA\AppData\Local\Temp\scoped_dir24112_509674056\Crashpad: The system cannot find the file specified. (0x2)
[0927/171400.069:ERROR:crash_report_database_win.cc(558)] GetFileAttributes C:\Users\JEREMI~1.DIA\AppData\Local\Temp\scoped_dir20668_1183389629\Crashpad: The system cannot find the file specified. (0x2)
[0927/184141.137:ERROR:crash_report_database_win.cc(558)] GetFileAttributes C:\Users\JEREMI~1.DIA\AppData\Local\Temp\scoped_dir7516_579032735\Crashpad: The system cannot find the file specified. (0x2)
[0927/184645.072:ERROR:crash_report_database_win.cc(558)] GetFileAttributes C:\Users\JEREMI~1.DIA\AppData\Local\Temp\scoped_dir19612_1629908400\Crashpad: The system cannot find the file specified. (0x2)
[0927/184808.908:ERROR:crash_report_database_win.cc(558)] GetFileAttributes C:\Users\JEREMI~1.DIA\AppData\Local\Temp\scoped_dir9908_1230485330\Crashpad: The system cannot find the file specified. (0x2)
[0927/185021.928:ERROR:crash_report_database_win.cc(558)] GetFileAttributes C:\Users\JEREMI~1.DIA\AppData\Local\Temp\scoped_dir23640_1706030551\Crashpad: The system cannot find the file specified. (0x2)
[0927/190329.764:ERROR:crash_report_database_win.cc(558)] GetFileAttributes C:\Users\JEREMI~1.DIA\AppData\Local\Temp\scoped_dir26312_1457081079\Crashpad: The system cannot find the file specified. (0x2)
[0927/190913.284:ERROR:crash_report_database_win.cc(558)] GetFileAttributes C:\Users\JEREMI~1.DIA\AppData\Local\Temp\scoped_dir23764_1427459723\Crashpad: The system cannot find the file specified. (0x2)
[0927/191344.013:ERROR:crash_report_database_win.cc(558)] GetFileAttributes C:\Users\JEREMI~1.DIA\AppData\Local\Temp\scoped_dir26560_1275194168\Crashpad: The system cannot find the file specified. (0x2)
[0927/192746.939:ERROR:crash_report_database_win.cc(558)] GetFileAttributes C:\Users\JEREMI~1.DIA\AppData\Local\Temp\scoped_dir27000_61910163\Crashpad: The system cannot find the file specified. (0x2)
[0927/194646.364:ERROR:crash_report_database_win.cc(558)] GetFileAttributes C:\Users\JEREMI~1.DIA\AppData\Local\Temp\scoped_dir15532_805394528\Crashpad: The system cannot find the file specified. (0x2)
[0927/200719.117:ERROR:crash_report_database_win.cc(558)] GetFileAttributes C:\Users\JEREMI~1.DIA\AppData\Local\Temp\scoped_dir13748_131906689\Crashpad: The system cannot find the file specified. (0x2)
[0927/200812.518:ERROR:crash_report_database_win.cc(558)] GetFileAttributes C:\Users\JEREMI~1.DIA\AppData\Local\Temp\scoped_dir9604_2056482585\Crashpad: The system cannot find the file specified. (0x2)
[0927/200936.926:ERROR:crash_report_database_win.cc(558)] GetFileAttributes C:\Users\JEREMI~1.DIA\AppData\Local\Temp\scoped_dir6980_1429600020\Crashpad: The system cannot find the file specified. (0x2)
[0927/202409.997:ERROR:crash_report_database_win.cc(558)] GetFileAttributes C:\Users\JEREMI~1.DIA\AppData\Local\Temp\scoped_dir4076_1855900663\Crashpad: The system cannot find the file specified. (0x2)
[0929/142525.240:ERROR:crash_report_database_win.cc(558)] GetFileAttributes C:\Users\JEREMI~1.DIA\AppData\Local\Temp\scoped_dir2236_1416015487\Crashpad: The system cannot find the file specified. (0x2)
[0929/142746.682:ERROR:crash_report_database_win.cc(558)] GetFileAttributes C:\Users\JEREMI~1.DIA\AppData\Local\Temp\scoped_dir14248_1258023211\Crashpad: The system cannot find the file specified. (0x2)
[0929/161831.377:ERROR:crash_report_database_win.cc(558)] GetFileAttributes C:\Users\JEREMI~1.DIA\AppData\Local\Temp\scoped_dir11920_403571717\Crashpad: The system cannot find the file specified. (0x2)
[0929/162011.306:ERROR:crash_report_database_win.cc(558)] GetFileAttributes C:\Users\JEREMI~1.DIA\AppData\Local\Temp\scoped_dir3716_81940437\Crashpad: The system cannot find the file specified. (0x2)
[0929/162205.981:ERROR:crash_report_database_win.cc(558)] GetFileAttributes C:\Users\JEREMI~1.DIA\AppData\Local\Temp\scoped_dir14388_1727045844\Crashpad: The system cannot find the file specified. (0x2)
[1002/150742.719:ERROR:crash_report_database_win.cc(558)] GetFileAttributes C:\Users\JEREMI~1.DIA\AppData\Local\Temp\scoped_dir9880_1509473020\Crashpad: The system cannot find the file specified. (0x2)
[1002/214749.329:ERROR:crash_report_database_win.cc(558)] GetFileAttributes C:\Users\JEREMI~1.DIA\AppData\Local\Temp\scoped_dir704_2070877983\Crashpad: The system cannot find the file specified. (0x2)
[1002/220028.023:ERROR:crash_report_database_win.cc(558)] GetFileAttributes C:\Users\JEREMI~1.DIA\AppData\Local\Temp\scoped_dir20728_1432057443\Crashpad: The system cannot find the file specified. (0x2)
[1002/221955.977:ERROR:crash_report_database_win.cc(558)] GetFileAttributes C:\Users\JEREMI~1.DIA\AppData\Local\Temp\scoped_dir23968_122958720\Crashpad: The system cannot find the file specified. (0x2)
[1002/222457.640:ERROR:crash_report_database_win.cc(558)] GetFileAttributes C:\Users\JEREMI~1.DIA\AppData\Local\Temp\scoped_dir22132_202848073\Crashpad: The system cannot find the file specified. (0x2)
[1002/223039.183:ERROR:crash_report_database_win.cc(558)] GetFileAttributes C:\Users\JEREMI~1.DIA\AppData\Local\Temp\scoped_dir604_385009114\Crashpad: The system cannot find the file specified. (0x2)
[1002/223152.147:ERROR:crash_report_database_win.cc(558)] GetFileAttributes C:\Users\JEREMI~1.DIA\AppData\Local\Temp\scoped_dir22544_1875375587\Crashpad: The system cannot find the file specified. (0x2)
[1005/222037.422:ERROR:crash_report_database_win.cc(558)] GetFileAttributes C:\Users\JEREMI~1.DIA\AppData\Local\Temp\scoped_dir18420_144244486\Crashpad: The system cannot find the file specified. (0x2)
[1007/185607.499:ERROR:crash_report_database_win.cc(558)] GetFileAttributes C:\Users\JEREMI~1.DIA\AppData\Local\Temp\scoped_dir24852_810761411\Crashpad: The system cannot find the file specified. (0x2)
[1007/185931.180:ERROR:crash_report_database_win.cc(558)] GetFileAttributes C:\Users\JEREMI~1.DIA\AppData\Local\Temp\scoped_dir12264_1065417250\Crashpad: The system cannot find the file specified. (0x2)
[1007/195755.439:ERROR:crash_report_database_win.cc(558)] GetFileAttributes C:\Users\JEREMI~1.DIA\AppData\Local\Temp\scoped_dir3324_1264092422\Crashpad: The system cannot find the file specified. (0x2)
[1012/182917.204:ERROR:prune_crash_reports.cc(36)] PruneCrashReportDatabase: Failed to get pending reports
[1012/232228.603:ERROR:process_reader_win.cc(123)] NtOpenThread: {Access Denied} A process has requested access to an object, but has not been granted those access rights. (0xc0000022)
[1012/232228.728:ERROR:exception_snapshot_win.cc(99)] thread ID 1260 not found in process
[1020/202412.410:ERROR:crash_report_database_win.cc(587)] GetFileAttributes C:\Users\JEREMI~1.DIA\AppData\Local\Temp\scoped_dir10124_1697839905\Crashpad: The system cannot find the file specified. (0x2)
[1020/212222.805:ERROR:crash_report_database_win.cc(587)] GetFileAttributes C:\Users\JEREMI~1.DIA\AppData\Local\Temp\scoped_dir22844_2006689487\Crashpad: The system cannot find the file specified. (0x2)
[1020/212959.841:ERROR:crash_report_database_win.cc(587)] GetFileAttributes C:\Users\JEREMI~1.DIA\AppData\Local\Temp\scoped_dir24312_95097408\Crashpad: The system cannot find the file specified. (0x2)
[1020/220100.463:ERROR:crash_report_database_win.cc(587)] GetFileAttributes C:\Users\JEREMI~1.DIA\AppData\Local\Temp\scoped_dir15272_114844842\Crashpad: The system cannot find the file specified. (0x2)
[1020/221907.280:ERROR:crash_report_database_win.cc(587)] GetFileAttributes C:\Users\JEREMI~1.DIA\AppData\Local\Temp\scoped_dir3048_963943003\Crashpad: The system cannot find the file specified. (0x2)
[1020/221917.394:ERROR:crash_report_database_win.cc(587)] GetFileAttributes C:\Users\JEREMI~1.DIA\AppData\Local\Temp\scoped_dir26184_1089783783\Crashpad: The system cannot find the file specified. (0x2)
[1020/222800.203:ERROR:crash_report_database_win.cc(587)] GetFileAttributes C:\Users\JEREMI~1.DIA\AppData\Local\Temp\scoped_dir26472_1739036368\Crashpad: The system cannot find the file specified. (0x2)
[1020/222805.195:ERROR:crash_report_database_win.cc(587)] GetFileAttributes C:\Users\JEREMI~1.DIA\AppData\Local\Temp\scoped_dir24364_870033613\Crashpad: The system cannot find the file specified. (0x2)
[1020/223014.361:ERROR:crash_report_database_win.cc(587)] GetFileAttributes C:\Users\JEREMI~1.DIA\AppData\Local\Temp\scoped_dir21552_1156084835\Crashpad: The system cannot find the file specified. (0x2)
[1020/223019.146:ERROR:crash_report_database_win.cc(587)] GetFileAttributes C:\Users\JEREMI~1.DIA\AppData\Local\Temp\scoped_dir28600_727689963\Crashpad: The system cannot find the file specified. (0x2)
[1020/223320.344:ERROR:crash_report_database_win.cc(587)] GetFileAttributes C:\Users\JEREMI~1.DIA\AppData\Local\Temp\scoped_dir9988_1589911852\Crashpad: The system cannot find the file specified. (0x2)
[1020/223545.927:ERROR:crash_report_database_win.cc(587)] GetFileAttributes C:\Users\JEREMI~1.DIA\AppData\Local\Temp\scoped_dir25336_1249305182\Crashpad: The system cannot find the file specified. (0x2)
[1020/223551.168:ERROR:crash_report_database_win.cc(587)] GetFileAttributes C:\Users\JEREMI~1.DIA\AppData\Local\Temp\scoped_dir24296_1123220438\Crashpad: The system cannot find the file specified. (0x2)
[1020/224834.885:ERROR:crash_report_database_win.cc(587)] GetFileAttributes C:\Users\JEREMI~1.DIA\AppData\Local\Temp\scoped_dir20272_1867629471\Crashpad: The system cannot find the file specified. (0x2)
[1020/224844.460:ERROR:crash_report_database_win.cc(587)] GetFileAttributes C:\Users\JEREMI~1.DIA\AppData\Local\Temp\scoped_dir28188_527050288\Crashpad: The system cannot find the file specified. (0x2)
[1020/224851.516:ERROR:crash_report_database_win.cc(587)] GetFileAttributes C:\Users\JEREMI~1.DIA\AppData\Local\Temp\scoped_dir27560_701844939\Crashpad: The system cannot find the file specified. (0x2)
[1020/225120.428:ERROR:crash_report_database_win.cc(587)] GetFileAttributes C:\Users\JEREMI~1.DIA\AppData\Local\Temp\scoped_dir26712_448560390\Crashpad: The system cannot find the file specified. (0x2)
[1020/225124.350:ERROR:crash_report_database_win.cc(587)] GetFileAttributes C:\Users\JEREMI~1.DIA\AppData\Local\Temp\scoped_dir27364_1293484846\Crashpad: The system cannot find the file specified. (0x2)
[1020/225417.727:ERROR:crash_report_database_win.cc(587)] GetFileAttributes C:\Users\JEREMI~1.DIA\AppData\Local\Temp\scoped_dir27304_1619199460\Crashpad: The system cannot find the file specified. (0x2)
[1020/225423.109:ERROR:crash_report_database_win.cc(587)] GetFileAttributes C:\Users\JEREMI~1.DIA\AppData\Local\Temp\scoped_dir24020_2007006572\Crashpad: The system cannot find the file specified. (0x2)
[1020/225427.924:ERROR:crash_report_database_win.cc(587)] GetFileAttributes C:\Users\JEREMI~1.DIA\AppData\Local\Temp\scoped_dir28292_451630390\Crashpad: The system cannot find the file specified. (0x2)
[1020/230407.374:ERROR:crash_report_database_win.cc(587)] GetFileAttributes C:\Users\JEREMI~1.DIA\AppData\Local\Temp\scoped_dir27680_57061421\Crashpad: The system cannot find the file specified. (0x2)
[1020/230933.619:ERROR:crash_report_database_win.cc(587)] GetFileAttributes C:\Users\JEREMI~1.DIA\AppData\Local\Temp\scoped_dir21536_236064210\Crashpad: The system cannot find the file specified. (0x2)
[1029/153741.292:ERROR:crash_report_database_win.cc(587)] GetFileAttributes C:\Users\JEREMI~1.DIA\AppData\Local\Temp\scoped_dir22856_1465923047\Crashpad: The system cannot find the file specified. (0x2)
[1029/154510.096:ERROR:crash_report_database_win.cc(587)] GetFileAttributes C:\Users\JEREMI~1.DIA\AppData\Local\Temp\scoped_dir13032_1098427784\Crashpad: The system cannot find the file specified. (0x2)
[1029/154515.972:ERROR:crash_report_database_win.cc(587)] GetFileAttributes C:\Users\JEREMI~1.DIA\AppData\Local\Temp\scoped_dir23388_364251893\Crashpad: The system cannot find the file specified. (0x2)
[1029/214047.821:ERROR:crash_report_database_win.cc(587)] GetFileAttributes C:\Users\JEREMI~1.DIA\AppData\Local\Temp\scoped_dir11576_934843494\Crashpad: The system cannot find the file specified. (0x2)
[1029/214050.535:ERROR:crash_report_database_win.cc(587)] GetFileAttributes C:\Users\JEREMI~1.DIA\AppData\Local\Temp\scoped_dir21068_526124250\Crashpad: The system cannot find the file specified. (0x2)
[1029/214055.934:ERROR:crash_report_database_win.cc(587)] GetFileAttributes C:\Users\JEREMI~1.DIA\AppData\Local\Temp\scoped_dir22984_1666862618\Crashpad: The system cannot find the file specified. (0x2)
[1030/075446.693:ERROR:crash_report_database_win.cc(587)] GetFileAttributes C:\Users\JEREMI~1.DIA\AppData\Local\Temp\scoped_dir18296_224237494\Crashpad: The system cannot find the file specified. (0x2)
[1030/075520.878:ERROR:crash_report_database_win.cc(587)] GetFileAttributes C:\Users\JEREMI~1.DIA\AppData\Local\Temp\scoped_dir16744_1654826402\Crashpad: The system cannot find the file specified. (0x2)
[1030/082142.284:ERROR:crash_report_database_win.cc(587)] GetFileAttributes C:\Users\JEREMI~1.DIA\AppData\Local\Temp\scoped_dir23308_652644830\Crashpad: The system cannot find the file specified. (0x2)
[1030/084522.016:ERROR:crash_report_database_win.cc(587)] GetFileAttributes C:\Users\JEREMI~1.DIA\AppData\Local\Temp\scoped_dir12220_1951434916\Crashpad: The system cannot find the file specified. (0x2)
[1030/092730.014:ERROR:crash_report_database_win.cc(587)] GetFileAttributes C:\Users\JEREMI~1.DIA\AppData\Local\Temp\scoped_dir15440_1750356072\Crashpad: The system cannot find the file specified. (0x2)
[1030/093348.724:ERROR:crash_report_database_win.cc(587)] GetFileAttributes C:\Users\JEREMI~1.DIA\AppData\Local\Temp\scoped_dir14064_2122815329\Crashpad: The system cannot find the file specified. (0x2)
[1030/100409.847:ERROR:crash_report_database_win.cc(587)] GetFileAttributes C:\Users\JEREMI~1.DIA\AppData\Local\Temp\scoped_dir11416_1982308752\Crashpad: The system cannot find the file specified. (0x2)
[1030/124506.313:ERROR:crash_report_database_win.cc(587)] GetFileAttributes C:\Users\JEREMI~1.DIA\AppData\Local\Temp\scoped_dir3736_281288970\Crashpad: The system cannot find the file specified. (0x2)
[1030/140030.173:ERROR:crash_report_database_win.cc(587)] GetFileAttributes C:\Users\JEREMI~1.DIA\AppData\Local\Temp\scoped_dir22136_1954075568\Crashpad: The system cannot find the file specified. (0x2)
[1030/141900.449:ERROR:crash_report_database_win.cc(587)] GetFileAttributes C:\Users\JEREMI~1.DIA\AppData\Local\Temp\scoped_dir17420_697505962\Crashpad: The system cannot find the file specified. (0x2)
[1030/142114.862:ERROR:crash_report_database_win.cc(587)] GetFileAttributes C:\Users\JEREMI~1.DIA\AppData\Local\Temp\scoped_dir23740_692873629\Crashpad: The system cannot find the file specified. (0x2)
[1030/145224.838:ERROR:crash_report_database_win.cc(587)] GetFileAttributes C:\Users\JEREMI~1.DIA\AppData\Local\Temp\scoped_dir16356_608241927\Crashpad: The system cannot find the file specified. (0x2)
[1030/145520.137:ERROR:crash_report_database_win.cc(587)] GetFileAttributes C:\Users\JEREMI~1.DIA\AppData\Local\Temp\scoped_dir6408_5020744\Crashpad: The system cannot find the file specified. (0x2)
[1030/151218.992:ERROR:crash_report_database_win.cc(587)] GetFileAttributes C:\Users\JEREMI~1.DIA\AppData\Local\Temp\scoped_dir6456_898914891\Crashpad: The system cannot find the file specified. (0x2)
[1030/152048.791:ERROR:crash_report_database_win.cc(587)] GetFileAttributes C:\Users\JEREMI~1.DIA\AppData\Local\Temp\scoped_dir12136_429389265\Crashpad: The system cannot find the file specified. (0x2)
[1031/175255.770:ERROR:crash_report_database_win.cc(587)] GetFileAttributes C:\Users\JEREMI~1.DIA\AppData\Local\Temp\scoped_dir5240_1259122131\Crashpad: The system cannot find the file specified. (0x2)
[1103/145450.526:ERROR:crash_report_database_win.cc(587)] GetFileAttributes C:\Users\JEREMI~1.DIA\AppData\Local\Temp\scoped_dir21980_275326255\Crashpad: The system cannot find the file specified. (0x2)
[1103/145453.801:ERROR:crash_report_database_win.cc(587)] GetFileAttributes C:\Users\JEREMI~1.DIA\AppData\Local\Temp\scoped_dir26520_2092214957\Crashpad: The system cannot find the file specified. (0x2)
[1103/150916.849:ERROR:crash_report_database_win.cc(587)] GetFileAttributes C:\Users\JEREMI~1.DIA\AppData\Local\Temp\scoped_dir24296_39302235\Crashpad: The system cannot find the file specified. (0x2)
[1103/152547.664:ERROR:crash_report_database_win.cc(587)] GetFileAttributes C:\Users\JEREMI~1.DIA\AppData\Local\Temp\scoped_dir1860_111124418\Crashpad: The system cannot find the file specified. (0x2)
[1103/153326.596:ERROR:crash_report_database_win.cc(587)] GetFileAttributes C:\Users\JEREMI~1.DIA\AppData\Local\Temp\scoped_dir13284_1751595017\Crashpad: The system cannot find the file specified. (0x2)
[1103/174404.937:ERROR:crash_report_database_win.cc(587)] GetFileAttributes C:\Users\JEREMI~1.DIA\AppData\Local\Temp\scoped_dir7212_1866952881\Crashpad: The system cannot find the file specified. (0x2)
[1103/174556.435:ERROR:crash_report_database_win.cc(587)] GetFileAttributes C:\Users\JEREMI~1.DIA\AppData\Local\Temp\scoped_dir19924_520036905\Crashpad: The system cannot find the file specified. (0x2)
[1103/175348.555:ERROR:crash_report_database_win.cc(587)] GetFileAttributes C:\Users\JEREMI~1.DIA\AppData\Local\Temp\scoped_dir23224_34880817\Crashpad: The system cannot find the file specified. (0x2)
[1103/175548.616:ERROR:crash_report_database_win.cc(587)] GetFileAttributes C:\Users\JEREMI~1.DIA\AppData\Local\Temp\scoped_dir13844_207731253\Crashpad: The system cannot find the file specified. (0x2)
[1103/175642.331:ERROR:crash_report_database_win.cc(587)] GetFileAttributes C:\Users\JEREMI~1.DIA\AppData\Local\Temp\scoped_dir23624_964334090\Crashpad: The system cannot find the file specified. (0x2)
[1103/180246.563:ERROR:crash_report_database_win.cc(587)] GetFileAttributes C:\Users\JEREMI~1.DIA\AppData\Local\Temp\scoped_dir15984_1265705926\Crashpad: The system cannot find the file specified. (0x2)
[1103/180517.067:ERROR:crash_report_database_win.cc(587)] GetFileAttributes C:\Users\JEREMI~1.DIA\AppData\Local\Temp\scoped_dir26964_482675484\Crashpad: The system cannot find the file specified. (0x2)
[1103/181905.837:ERROR:crash_report_database_win.cc(587)] GetFileAttributes C:\Users\JEREMI~1.DIA\AppData\Local\Temp\scoped_dir26432_123413042\Crashpad: The system cannot find the file specified. (0x2)
[1103/182612.582:ERROR:crash_report_database_win.cc(587)] GetFileAttributes C:\Users\JEREMI~1.DIA\AppData\Local\Temp\scoped_dir29780_1213879737\Crashpad: The system cannot find the file specified. (0x2)
[1103/184258.100:ERROR:crash_report_database_win.cc(587)] GetFileAttributes C:\Users\JEREMI~1.DIA\AppData\Local\Temp\scoped_dir27616_181667585\Crashpad: The system cannot find the file specified. (0x2)
[1103/185122.987:ERROR:crash_report_database_win.cc(587)] GetFileAttributes C:\Users\JEREMI~1.DIA\AppData\Local\Temp\scoped_dir30596_1182820018\Crashpad: The system cannot find the file specified. (0x2)
[1103/190616.520:ERROR:crash_report_database_win.cc(587)] GetFileAttributes C:\Users\JEREMI~1.DIA\AppData\Local\Temp\scoped_dir29096_677573122\Crashpad: The system cannot find the file specified. (0x2)
[1103/190738.603:ERROR:crash_report_database_win.cc(587)] GetFileAttributes C:\Users\JEREMI~1.DIA\AppData\Local\Temp\scoped_dir30696_766060441\Crashpad: The system cannot find the file specified. (0x2)
[1103/191057.892:ERROR:crash_report_database_win.cc(587)] GetFileAttributes C:\Users\JEREMI~1.DIA\AppData\Local\Temp\scoped_dir12824_2109395040\Crashpad: The system cannot find the file specified. (0x2)
[1103/191226.359:ERROR:crash_report_database_win.cc(587)] GetFileAttributes C:\Users\JEREMI~1.DIA\AppData\Local\Temp\scoped_dir15720_938402464\Crashpad: The system cannot find the file specified. (0x2)
[1103/191757.229:ERROR:crash_report_database_win.cc(587)] GetFileAttributes C:\Users\JEREMI~1.DIA\AppData\Local\Temp\scoped_dir18404_138956048\Crashpad: The system cannot find the file specified. (0x2)
[1103/192936.564:ERROR:crash_report_database_win.cc(587)] GetFileAttributes C:\Users\JEREMI~1.DIA\AppData\Local\Temp\scoped_dir3728_513630716\Crashpad: The system cannot find the file specified. (0x2)
[1103/205428.264:ERROR:crash_report_database_win.cc(587)] GetFileAttributes C:\Users\JEREMI~1.DIA\AppData\Local\Temp\scoped_dir3068_1042943577\Crashpad: The system cannot find the file specified. (0x2)
[1103/210028.280:ERROR:crash_report_database_win.cc(587)] GetFileAttributes C:\Users\JEREMI~1.DIA\AppData\Local\Temp\scoped_dir32168_1179272314\Crashpad: The system cannot find the file specified. (0x2)
[1103/210319.678:ERROR:crash_report_database_win.cc(587)] GetFileAttributes C:\Users\JEREMI~1.DIA\AppData\Local\Temp\scoped_dir29244_2139291137\Crashpad: The system cannot find the file specified. (0x2)
[1103/214837.867:ERROR:crash_report_database_win.cc(587)] GetFileAttributes C:\Users\JEREMI~1.DIA\AppData\Local\Temp\scoped_dir6424_444690905\Crashpad: The system cannot find the file specified. (0x2)
[1103/221934.301:ERROR:crash_report_database_win.cc(587)] GetFileAttributes C:\Users\JEREMI~1.DIA\AppData\Local\Temp\scoped_dir30476_721319428\Crashpad: The system cannot find the file specified. (0x2)
[1103/224830.526:ERROR:crash_report_database_win.cc(587)] GetFileAttributes C:\Users\JEREMI~1.DIA\AppData\Local\Temp\scoped_dir12444_1753623921\Crashpad: The system cannot find the file specified. (0x2)
[1103/233213.477:ERROR:crash_report_database_win.cc(587)] GetFileAttributes C:\Users\JEREMI~1.DIA\AppData\Local\Temp\scoped_dir17724_705396085\Crashpad: The system cannot find the file specified. (0x2)
[1103/233512.079:ERROR:crash_report_database_win.cc(587)] GetFileAttributes C:\Users\JEREMI~1.DIA\AppData\Local\Temp\scoped_dir32232_26827817\Crashpad: The system cannot find the file specified. (0x2)
[1117/135801.019:ERROR:crash_report_database_win.cc(587)] GetFileAttributes C:\Users\JEREMI~1.DIA\AppData\Local\Temp\scoped_dir6476_1123697513\Crashpad: The system cannot find the file specified. (0x2)
[1117/135803.634:ERROR:crash_report_database_win.cc(587)] GetFileAttributes C:\Users\JEREMI~1.DIA\AppData\Local\Temp\scoped_dir10148_187985750\Crashpad: The system cannot find the file specified. (0x2)
[1119/173934.862:ERROR:crash_report_database_win.cc(587)] GetFileAttributes C:\Users\JEREMI~1.DIA\AppData\Local\Temp\scoped_dir25344_1295603065\Crashpad: The system cannot find the file specified. (0x2)
[1119/174050.000:ERROR:crash_report_database_win.cc(587)] GetFileAttributes C:\Users\JEREMI~1.DIA\AppData\Local\Temp\scoped_dir23788_1487612564\Crashpad: The system cannot find the file specified. (0x2)
[1119/175834.491:ERROR:directory_reader_win.cc(43)] FindFirstFile: The system cannot find the path specified. (0x3)
[1119/180901.136:ERROR:directory_reader_win.cc(43)] FindFirstFile: The system cannot find the path specified. (0x3)
[1120/210920.105:ERROR:crash_report_database_win.cc(587)] GetFileAttributes C:\Users\JEREMI~1.DIA\AppData\Local\Temp\scoped_dir17496_893065642\Crashpad: The system cannot find the file specified. (0x2)
[1120/211020.390:ERROR:crash_report_database_win.cc(587)] GetFileAttributes C:\Users\JEREMI~1.DIA\AppData\Local\Temp\scoped_dir23472_463756558\Crashpad: The system cannot find the file specified. (0x2)
[1120/211125.939:ERROR:crash_report_database_win.cc(587)] GetFileAttributes C:\Users\JEREMI~1.DIA\AppData\Local\Temp\scoped_dir1884_1807484126\Crashpad: The system cannot find the file specified. (0x2)
[1120/211347.045:ERROR:crash_report_database_win.cc(587)] GetFileAttributes C:\Users\JEREMI~1.DIA\AppData\Local\Temp\scoped_dir17912_1435339665\Crashpad: The system cannot find the file specified. (0x2)
[1120/211720.250:ERROR:crash_report_database_win.cc(587)] GetFileAttributes C:\Users\JEREMI~1.DIA\AppData\Local\Temp\scoped_dir6308_1748990332\Crashpad: The system cannot find the file specified. (0x2)
[1120/211749.944:ERROR:crash_report_database_win.cc(587)] GetFileAttributes C:\Users\JEREMI~1.DIA\AppData\Local\Temp\scoped_dir26300_2034270048\Crashpad: The system cannot find the file specified. (0x2)
[1120/212021.184:ERROR:crash_report_database_win.cc(587)] GetFileAttributes C:\Users\JEREMI~1.DIA\AppData\Local\Temp\scoped_dir15160_1825303129\Crashpad: The system cannot find the file specified. (0x2)
[1120/212629.158:ERROR:crash_report_database_win.cc(587)] GetFileAttributes C:\Users\JEREMI~1.DIA\AppData\Local\Temp\scoped_dir12292_1225984016\Crashpad: The system cannot find the file specified. (0x2)
[1120/215019.362:ERROR:crash_report_database_win.cc(587)] GetFileAttributes C:\Users\JEREMI~1.DIA\AppData\Local\Temp\scoped_dir7164_854801364\Crashpad: The system cannot find the file specified. (0x2)
[1120/215510.360:ERROR:crash_report_database_win.cc(587)] GetFileAttributes C:\Users\JEREMI~1.DIA\AppData\Local\Temp\scoped_dir20356_331976347\Crashpad: The system cannot find the file specified. (0x2)
[1120/224143.694:ERROR:directory_reader_win.cc(43)] FindFirstFile: The system cannot find the path specified. (0x3)
[1120/224533.618:ERROR:directory_reader_win.cc(43)] FindFirstFile: The system cannot find the path specified. (0x3)
[1121/200600.908:ERROR:crash_report_database_win.cc(587)] GetFileAttributes C:\Users\JEREMI~1.DIA\AppData\Local\Temp\scoped_dir13412_642138431\Crashpad: The system cannot find the file specified. (0x2)
[1121/201113.984:ERROR:crash_report_database_win.cc(587)] GetFileAttributes C:\Users\JEREMI~1.DIA\AppData\Local\Temp\scoped_dir21652_1589350375\Crashpad: The system cannot find the file specified. (0x2)
[1123/182631.498:ERROR:crash_report_database_win.cc(587)] GetFileAttributes C:\Users\JEREMI~1.DIA\AppData\Local\Temp\scoped_dir16204_1038682274\Crashpad: The system cannot find the file specified. (0x2)
[1123/182952.759:ERROR:crash_report_database_win.cc(587)] GetFileAttributes C:\Users\JEREMI~1.DIA\AppData\Local\Temp\scoped_dir12456_20911524\Crashpad: The system cannot find the file specified. (0x2)
[1123/183429.324:ERROR:crash_report_database_win.cc(587)] GetFileAttributes C:\Users\JEREMI~1.DIA\AppData\Local\Temp\scoped_dir14900_109829985\Crashpad: The system cannot find the file specified. (0x2)
[1123/183724.582:ERROR:crash_report_database_win.cc(587)] GetFileAttributes C:\Users\JEREMI~1.DIA\AppData\Local\Temp\scoped_dir1740_1631261418\Crashpad: The system cannot find the file specified. (0x2)
[1123/184239.642:ERROR:crash_report_database_win.cc(587)] GetFileAttributes C:\Users\JEREMI~1.DIA\AppData\Local\Temp\scoped_dir3164_208723317\Crashpad: The system cannot find the file specified. (0x2)
[1123/184337.698:ERROR:crash_report_database_win.cc(587)] GetFileAttributes C:\Users\JEREMI~1.DIA\AppData\Local\Temp\scoped_dir16804_690488181\Crashpad: The system cannot find the file specified. (0x2)
[1123/184643.519:ERROR:crash_report_database_win.cc(587)] GetFileAttributes C:\Users\JEREMI~1.DIA\AppData\Local\Temp\scoped_dir1724_1755432628\Crashpad: The system cannot find the file specified. (0x2)
[1123/185349.233:ERROR:crash_report_database_win.cc(587)] GetFileAttributes C:\Users\JEREMI~1.DIA\AppData\Local\Temp\scoped_dir4732_559267094\Crashpad: The system cannot find the file specified. (0x2)
[1123/185837.743:ERROR:crash_report_database_win.cc(587)] GetFileAttributes C:\Users\JEREMI~1.DIA\AppData\Local\Temp\scoped_dir17592_848202210\Crashpad: The system cannot find the file specified. (0x2)
[1123/190830.141:ERROR:crash_report_database_win.cc(587)] GetFileAttributes C:\Users\JEREMI~1.DIA\AppData\Local\Temp\scoped_dir23496_558309622\Crashpad: The system cannot find the file specified. (0x2)
[1123/191215.102:ERROR:crash_report_database_win.cc(587)] GetFileAttributes C:\Users\JEREMI~1.DIA\AppData\Local\Temp\scoped_dir8536_1553298433\Crashpad: The system cannot find the file specified. (0x2)
[1123/191808.853:ERROR:crash_report_database_win.cc(587)] GetFileAttributes C:\Users\JEREMI~1.DIA\AppData\Local\Temp\scoped_dir13776_882588977\Crashpad: The system cannot find the file specified. (0x2)
[1123/192002.516:ERROR:crash_report_database_win.cc(587)] GetFileAttributes C:\Users\JEREMI~1.DIA\AppData\Local\Temp\scoped_dir22092_1550758296\Crashpad: The system cannot find the file specified. (0x2)
[1123/194853.756:ERROR:crash_report_database_win.cc(587)] GetFileAttributes C:\Users\JEREMI~1.DIA\AppData\Local\Temp\scoped_dir14748_938653419\Crashpad: The system cannot find the file specified. (0x2)
[1123/202724.564:ERROR:crash_report_database_win.cc(587)] GetFileAttributes C:\Users\JEREMI~1.DIA\AppData\Local\Temp\scoped_dir4136_1624839267\Crashpad: The system cannot find the file specified. (0x2)
[1123/202927.473:ERROR:crash_report_database_win.cc(587)] GetFileAttributes C:\Users\JEREMI~1.DIA\AppData\Local\Temp\scoped_dir4972_827209266\Crashpad: The system cannot find the file specified. (0x2)
[1123/205554.860:ERROR:crash_report_database_win.cc(587)] GetFileAttributes C:\Users\JEREMI~1.DIA\AppData\Local\Temp\scoped_dir420_617111696\Crashpad: The system cannot find the file specified. (0x2)
[1123/210333.786:ERROR:crash_report_database_win.cc(587)] GetFileAttributes C:\Users\JEREMI~1.DIA\AppData\Local\Temp\scoped_dir21912_1801528399\Crashpad: The system cannot find the file specified. (0x2)
[1123/213458.712:ERROR:crash_report_database_win.cc(587)] GetFileAttributes C:\Users\JEREMI~1.DIA\AppData\Local\Temp\scoped_dir23184_1851486489\Crashpad: The system cannot find the file specified. (0x2)
[1123/213511.556:ERROR:crash_report_database_win.cc(587)] GetFileAttributes C:\Users\JEREMI~1.DIA\AppData\Local\Temp\scoped_dir10236_458939229\Crashpad: The system cannot find the file specified. (0x2)
[1123/213512.072:ERROR:crash_report_database_win.cc(587)] GetFileAttributes C:\Users\JEREMI~1.DIA\AppData\Local\Temp\scoped_dir22068_1995874421\Crashpad: The system cannot find the file specified. (0x2)
[1123/213512.531:ERROR:crash_report_database_win.cc(587)] GetFileAttributes C:\Users\JEREMI~1.DIA\AppData\Local\Temp\scoped_dir22076_1147333149\Crashpad: The system cannot find the file specified. (0x2)
[1123/213514.275:ERROR:crash_report_database_win.cc(587)] GetFileAttributes C:\Users\JEREMI~1.DIA\AppData\Local\Temp\scoped_dir21064_1687455062\Crashpad: The system cannot find the file specified. (0x2)
[1123/213514.497:ERROR:crash_report_database_win.cc(587)] GetFileAttributes C:\Users\JEREMI~1.DIA\AppData\Local\Temp\scoped_dir23488_646914078\Crashpad: The system cannot find the file specified. (0x2)
[1123/214516.673:ERROR:crash_report_database_win.cc(587)] GetFileAttributes C:\Users\JEREMI~1.DIA\AppData\Local\Temp\scoped_dir17936_1596227478\Crashpad: The system cannot find the file specified. (0x2)
[1123/215453.656:ERROR:crash_report_database_win.cc(587)] GetFileAttributes C:\Users\JEREMI~1.DIA\AppData\Local\Temp\scoped_dir3544_305693648\Crashpad: The system cannot find the file specified. (0x2)
[1123/222818.888:ERROR:crash_report_database_win.cc(587)] GetFileAttributes C:\Users\JEREMI~1.DIA\AppData\Local\Temp\scoped_dir8816_1342203634\Crashpad: The system cannot find the file specified. (0x2)
[1123/223031.019:ERROR:crash_report_database_win.cc(587)] GetFileAttributes C:\Users\JEREMI~1.DIA\AppData\Local\Temp\scoped_dir17868_912373170\Crashpad: The system cannot find the file specified. (0x2)
[1123/223626.191:ERROR:crash_report_database_win.cc(587)] GetFileAttributes C:\Users\JEREMI~1.DIA\AppData\Local\Temp\scoped_dir25528_1851221114\Crashpad: The system cannot find the file specified. (0x2)
[1123/223955.625:ERROR:crash_report_database_win.cc(587)] GetFileAttributes C:\Users\JEREMI~1.DIA\AppData\Local\Temp\scoped_dir13420_514368032\Crashpad: The system cannot find the file specified. (0x2)
[1123/224301.183:ERROR:crash_report_database_win.cc(587)] GetFileAttributes C:\Users\JEREMI~1.DIA\AppData\Local\Temp\scoped_dir23388_4828149\Crashpad: The system cannot find the file specified. (0x2)
[1123/224420.684:ERROR:crash_report_database_win.cc(587)] GetFileAttributes C:\Users\JEREMI~1.DIA\AppData\Local\Temp\scoped_dir20336_704729600\Crashpad: The system cannot find the file specified. (0x2)
[1123/224609.112:ERROR:crash_report_database_win.cc(587)] GetFileAttributes C:\Users\JEREMI~1.DIA\AppData\Local\Temp\scoped_dir15720_818961129\Crashpad: The system cannot find the file specified. (0x2)
[1123/224916.606:ERROR:crash_report_database_win.cc(587)] GetFileAttributes C:\Users\JEREMI~1.DIA\AppData\Local\Temp\scoped_dir25648_329689345\Crashpad: The system cannot find the file specified. (0x2)
[1123/225318.978:ERROR:crash_report_database_win.cc(587)] GetFileAttributes C:\Users\JEREMI~1.DIA\AppData\Local\Temp\scoped_dir22956_234568531\Crashpad: The system cannot find the file specified. (0x2)
[1123/225503.286:ERROR:crash_report_database_win.cc(587)] GetFileAttributes C:\Users\JEREMI~1.DIA\AppData\Local\Temp\scoped_dir25916_639357646\Crashpad: The system cannot find the file specified. (0x2)
[1123/225838.428:ERROR:crash_report_database_win.cc(587)] GetFileAttributes C:\Users\JEREMI~1.DIA\AppData\Local\Temp\scoped_dir24872_695398817\Crashpad: The system cannot find the file specified. (0x2)
[1123/230130.028:ERROR:crash_report_database_win.cc(587)] GetFileAttributes C:\Users\JEREMI~1.DIA\AppData\Local\Temp\scoped_dir9868_1323212934\Crashpad: The system cannot find the file specified. (0x2)
[1123/230518.992:ERROR:crash_report_database_win.cc(587)] GetFileAttributes C:\Users\JEREMI~1.DIA\AppData\Local\Temp\scoped_dir16580_1099370348\Crashpad: The system cannot find the file specified. (0x2)
[1124/210719.925:ERROR:crash_report_database_win.cc(587)] GetFileAttributes C:\Users\JEREMI~1.DIA\AppData\Local\Temp\scoped_dir2392_676235787\Crashpad: The system cannot find the file specified. (0x2)
[1124/210916.420:ERROR:crash_report_database_win.cc(587)] GetFileAttributes C:\Users\JEREMI~1.DIA\AppData\Local\Temp\scoped_dir28820_1555649703\Crashpad: The system cannot find the file specified. (0x2)
[1124/213659.054:ERROR:crash_report_database_win.cc(587)] GetFileAttributes C:\Users\JEREMI~1.DIA\AppData\Local\Temp\scoped_dir28940_347481648\Crashpad: The system cannot find the file specified. (0x2)
[1124/214548.916:ERROR:crash_report_database_win.cc(587)] GetFileAttributes C:\Users\JEREMI~1.DIA\AppData\Local\Temp\scoped_dir15328_1087648198\Crashpad: The system cannot find the file specified. (0x2)
[1124/215007.507:ERROR:crash_report_database_win.cc(587)] GetFileAttributes C:\Users\JEREMI~1.DIA\AppData\Local\Temp\scoped_dir28756_260431928\Crashpad: The system cannot find the file specified. (0x2)
[1124/221035.172:ERROR:crash_report_database_win.cc(587)] GetFileAttributes C:\Users\JEREMI~1.DIA\AppData\Local\Temp\scoped_dir30680_1852400216\Crashpad: The system cannot find the file specified. (0x2)
[1124/221215.263:ERROR:crash_report_database_win.cc(587)] GetFileAttributes C:\Users\JEREMI~1.DIA\AppData\Local\Temp\scoped_dir30368_1514233093\Crashpad: The system cannot find the file specified. (0x2)
[1124/222302.877:ERROR:crash_report_database_win.cc(587)] GetFileAttributes C:\Users\JEREMI~1.DIA\AppData\Local\Temp\scoped_dir2012_470219187\Crashpad: The system cannot find the file specified. (0x2)
[1124/222458.402:ERROR:crash_report_database_win.cc(587)] GetFileAttributes C:\Users\JEREMI~1.DIA\AppData\Local\Temp\scoped_dir19608_733130813\Crashpad: The system cannot find the file specified. (0x2)
[1125/175834.784:ERROR:crash_report_database_win.cc(587)] GetFileAttributes C:\Users\JEREMI~1.DIA\AppData\Local\Temp\scoped_dir13560_106573197\Crashpad: The system cannot find the file specified. (0x2)
[1125/175949.078:ERROR:crash_report_database_win.cc(587)] GetFileAttributes C:\Users\JEREMI~1.DIA\AppData\Local\Temp\scoped_dir11624_2002438935\Crashpad: The system cannot find the file specified. (0x2)
[1125/180101.756:ERROR:crash_report_database_win.cc(587)] GetFileAttributes C:\Users\JEREMI~1.DIA\AppData\Local\Temp\scoped_dir19956_1087805952\Crashpad: The system cannot find the file specified. (0x2)
[1125/180412.600:ERROR:crash_report_database_win.cc(587)] GetFileAttributes C:\Users\JEREMI~1.DIA\AppData\Local\Temp\scoped_dir16704_22636970\Crashpad: The system cannot find the file specified. (0x2)
[1125/180705.064:ERROR:crash_report_database_win.cc(587)] GetFileAttributes C:\Users\JEREMI~1.DIA\AppData\Local\Temp\scoped_dir22012_2019848479\Crashpad: The system cannot find the file specified. (0x2)
[1125/180815.351:ERROR:crash_report_database_win.cc(587)] GetFileAttributes C:\Users\JEREMI~1.DIA\AppData\Local\Temp\scoped_dir16288_1463178881\Crashpad: The system cannot find the file specified. (0x2)
[1128/191933.058:ERROR:crash_report_database_win.cc(587)] GetFileAttributes C:\Users\JEREMI~1.DIA\AppData\Local\Temp\scoped_dir1412_2073147518\Crashpad: The system cannot find the file specified. (0x2)
[1128/191947.090:ERROR:crash_report_database_win.cc(587)] GetFileAttributes C:\Users\JEREMI~1.DIA\AppData\Local\Temp\scoped_dir28740_692760723\Crashpad: The system cannot find the file specified. (0x2)
[1128/191947.907:ERROR:crash_report_database_win.cc(587)] GetFileAttributes C:\Users\JEREMI~1.DIA\AppData\Local\Temp\scoped_dir13288_1724545246\Crashpad: The system cannot find the file specified. (0x2)
[1128/191949.756:ERROR:crash_report_database_win.cc(587)] GetFileAttributes C:\Users\JEREMI~1.DIA\AppData\Local\Temp\scoped_dir3480_591403832\Crashpad: The system cannot find the file specified. (0x2)
[1128/191951.485:ERROR:crash_report_database_win.cc(587)] GetFileAttributes C:\Users\JEREMI~1.DIA\AppData\Local\Temp\scoped_dir21128_2122976762\Crashpad: The system cannot find the file specified. (0x2)
[1128/192214.569:ERROR:crash_report_database_win.cc(587)] GetFileAttributes C:\Users\JEREMI~1.DIA\AppData\Local\Temp\scoped_dir22388_859520816\Crashpad: The system cannot find the file specified. (0x2)
[1128/192400.284:ERROR:crash_report_database_win.cc(587)] GetFileAttributes C:\Users\JEREMI~1.DIA\AppData\Local\Temp\scoped_dir14920_1508629916\Crashpad: The system cannot find the file specified. (0x2)
[1129/020458.307:ERROR:crash_report_database_win.cc(587)] GetFileAttributes C:\Users\JEREMI~1.DIA\AppData\Local\Temp\scoped_dir25936_611223966\Crashpad: The system cannot find the file specified. (0x2)
